<?xml version="1.0" encoding="UTF-8"?>
<!-- Generated by org.testng.reporters.JUnitReportReporter -->
<testsuite hostname="DESKTOP-F9ACE5P" failures="0" tests="1" name="OrangeHRM.JobDetails" time="15.527" errors="0" timestamp="03 Mar 2024 03:55:51 GMT" skipped="0">
  <testcase classname="OrangeHRM.JobDetails" name="EditJobDetails" time="15.527"/>
</testsuite> <!-- OrangeHRM.JobDetails -->
