<?xml version="1.0" encoding="UTF-8"?>
<!-- Generated by org.testng.reporters.JUnitReportReporter -->
<testsuite hostname="DESKTOP-F9ACE5P" failures="0" tests="1" name="OrabgeHRM.practice.Login" time="10.550" errors="0" timestamp="03 Mar 2024 03:39:18 GMT" skipped="0">
  <testcase classname="OrabgeHRM.practice.Login" name="log" time="10.550"/>
</testsuite> <!-- OrabgeHRM.practice.Login -->
