<?xml version="1.0" encoding="UTF-8"?>
<!-- Generated by org.testng.reporters.JUnitReportReporter -->
<testsuite hostname="DESKTOP-F9ACE5P" failures="0" tests="1" name="OrangeHRM.Login" time="7.265" errors="0" timestamp="03 Mar 2024 05:41:50 GMT" skipped="0">
  <testcase classname="OrangeHRM.Login" name="testlogin" time="7.265"/>
</testsuite> <!-- OrangeHRM.Login -->
