<?xml version="1.0" encoding="UTF-8"?>
<!-- Generated by org.testng.reporters.JUnitReportReporter -->
<testsuite hostname="DESKTOP-F9ACE5P" failures="0" tests="1" name="OrangeHRM.Login" time="8.176" errors="0" timestamp="2024-03-03T11:18:32 IST" skipped="0">
  <testcase classname="OrangeHRM.Login" name="testlogin" time="8.176"/>
  <system-out/>
</testsuite> <!-- OrangeHRM.Login -->
